<?xml version="1.0" encoding="UTF-8"?>
<!-- Generated by org.testng.reporters.JUnitXMLReporter -->
<testsuite ignored="2" hostname="LAPTOP-O8GG5075" failures="0" tests="1" name="Default test" time="10.017" errors="0" timestamp="2022-08-18T01:13:52 IST">
  <testcase classname="com.fb.qa.testcases.LoginPageTest" name="loginTest" time="0.217"/>
  <testcase classname="com.fb.qa.testcases.LoginPageTest" name="LoginPageTitle" time="0.0">
    <ignored/>
  </testcase> <!-- LoginPageTitle -->
  <testcase classname="com.fb.qa.testcases.LoginPageTest" name="fbLogoImageTest" time="0.0">
    <ignored/>
  </testcase> <!-- fbLogoImageTest -->
</testsuite> <!-- Default test -->
