<?xml version="1.0" encoding="UTF-8"?>
<!-- Generated by org.testng.reporters.JUnitXMLReporter -->
<testsuite ignored="1" hostname="LAPTOP-O8GG5075" failures="0" tests="1" name="Test(failed)(failed)" time="16.163" errors="0" timestamp="2022-08-19T15:12:33 IST">
  <testcase classname="com.fb.qa.testcases.ProfilePageTest" name="verifyHomePageTitleTest" time="9.705"/>
  <testcase classname="com.fb.qa.testcases.ProfilePageTest" name="verifyProfilePageTest" time="0.0">
    <ignored/>
  </testcase> <!-- verifyProfilePageTest -->
</testsuite> <!-- Test(failed)(failed) -->
