<?xml version="1.0" encoding="UTF-8"?>
<!-- Generated by org.testng.reporters.JUnitXMLReporter -->
<testsuite ignored="0" hostname="LAPTOP-O8GG5075" failures="1" tests="8" name="Test" time="132.157" errors="0" timestamp="2022-08-19T22:06:13 IST">
  <testcase classname="com.fb.qa.testcases.SignUpPageTest" name="SignUpPageTitle" time="0.131"/>
  <testcase classname="com.fb.qa.testcases.SignUpPageTest" name="createnewAccountTest" time="5.572"/>
  <testcase classname="com.fb.qa.testcases.LoginPageTest" name="LoginPageTitle" time="0.014"/>
  <testcase classname="com.fb.qa.testcases.LoginPageTest" name="fbLogoImageTest" time="0.077"/>
  <testcase classname="com.fb.qa.testcases.LoginPageTest" name="loginTest" time="0.339"/>
  <testcase classname="com.fb.qa.testcases.ProfilePageTest" name="verifyHomePageTitleTest" time="20.032">
    <failure type="org.openqa.selenium.TimeoutException" message="timeout: Timed out receiving message from renderer: 20.000
  (Session info: chrome=104.0.5112.81)
Build info: version: &amp;apos;4.1.4&amp;apos;, revision: &amp;apos;535d840ee2&amp;apos;
System info: host: &amp;apos;LAPTOP-O8GG5075&amp;apos;, ip: &amp;apos;10.0.7.153&amp;apos;, os.name: &amp;apos;Windows 11&amp;apos;, os.arch: &amp;apos;amd64&amp;apos;, os.version: &amp;apos;10.0&amp;apos;, java.version: &amp;apos;17.0.3&amp;apos;
Driver info: org.openqa.selenium.chrome.ChromeDriver
Command: [daa3c698941ff31ca09a4c226e8ddfab, getTitle {}]
Capabilities {acceptInsecureCerts: false, browserName: chrome, browserVersion: 104.0.5112.81, chrome: {chromedriverVersion: 103.0.5060.53 (a1711811edd7..., userDataDir: C:\Users\alam4\AppData\Loca...}, goog:chromeOptions: {debuggerAddress: localhost:63870}, javascriptEnabled: true, networkConnectionEnabled: false, pageLoadStrategy: normal, platform: WINDOWS, platformName: WINDOWS, proxy: Proxy(), se:cdp: ws://localhost:63870/devtoo..., se:cdpVersion: 104.0.5112.81, setWindowRect: true, strictFileInteractability: false, timeouts: {implicit: 0, pageLoad: 300000, script: 30000}, unhandledPromptBehavior: dismiss and notify, webauthn:extension:credBlob: true, webauthn:extension:largeBlob: true, webauthn:virtualAuthenticators: true}
Session ID: daa3c698941ff31ca09a4c226e8ddfab">
      <![CDATA[org.openqa.selenium.TimeoutException: timeout: Timed out receiving message from renderer: 20.000
  (Session info: chrome=104.0.5112.81)
Build info: version: '4.1.4', revision: '535d840ee2'
System info: host: 'LAPTOP-O8GG5075', ip: '10.0.7.153', os.name: 'Windows 11', os.arch: 'amd64', os.version: '10.0', java.version: '17.0.3'
Driver info: org.openqa.selenium.chrome.ChromeDriver
Command: [daa3c698941ff31ca09a4c226e8ddfab, getTitle {}]
Capabilities {acceptInsecureCerts: false, browserName: chrome, browserVersion: 104.0.5112.81, chrome: {chromedriverVersion: 103.0.5060.53 (a1711811edd7..., userDataDir: C:\Users\alam4\AppData\Loca...}, goog:chromeOptions: {debuggerAddress: localhost:63870}, javascriptEnabled: true, networkConnectionEnabled: false, pageLoadStrategy: normal, platform: WINDOWS, platformName: WINDOWS, proxy: Proxy(), se:cdp: ws://localhost:63870/devtoo..., se:cdpVersion: 104.0.5112.81, setWindowRect: true, strictFileInteractability: false, timeouts: {implicit: 0, pageLoad: 300000, script: 30000}, unhandledPromptBehavior: dismiss and notify, webauthn:extension:credBlob: true, webauthn:extension:largeBlob: true, webauthn:virtualAuthenticators: true}
Session ID: daa3c698941ff31ca09a4c226e8ddfab
at org.openqa.selenium.remote.codec.w3c.W3CHttpResponseCodec.createException(W3CHttpResponseCodec.java:200)
at org.openqa.selenium.remote.codec.w3c.W3CHttpResponseCodec.decode(W3CHttpResponseCodec.java:133)
at org.openqa.selenium.remote.codec.w3c.W3CHttpResponseCodec.decode(W3CHttpResponseCodec.java:53)
at org.openqa.selenium.remote.HttpCommandExecutor.execute(HttpCommandExecutor.java:184)
at org.openqa.selenium.remote.service.DriverCommandExecutor.invokeExecute(DriverCommandExecutor.java:167)
at org.openqa.selenium.remote.service.DriverCommandExecutor.execute(DriverCommandExecutor.java:142)
at org.openqa.selenium.remote.RemoteWebDriver.execute(RemoteWebDriver.java:567)
at org.openqa.selenium.remote.RemoteWebDriver.execute(RemoteWebDriver.java:622)
at org.openqa.selenium.remote.RemoteWebDriver.execute(RemoteWebDriver.java:626)
at org.openqa.selenium.remote.RemoteWebDriver.getTitle(RemoteWebDriver.java:335)
at com.fb.qa.Pages.HomePage.verifyHomePageTitle(HomePage.java:22)
at com.fb.qa.testcases.ProfilePageTest.verifyHomePageTitleTest(ProfilePageTest.java:33)
at java.base/java.util.ArrayList.forEach(ArrayList.java:1511)
... Removed 32 stack frames]]>
    </failure>
  </testcase> <!-- verifyHomePageTitleTest -->
  <testcase classname="com.fb.qa.testcases.ProfilePageTest" name="verifyProfilePageTest" time="18.914"/>
  <testcase classname="com.fb.qa.testcases.HomePageTest" name="verifyFriendsLinkTest" time="12.212"/>
</testsuite> <!-- Test -->
