<?xml version="1.0" encoding="UTF-8"?>
<!-- Generated by org.testng.reporters.JUnitXMLReporter -->
<testsuite ignored="1" hostname="LAPTOP-O8GG5075" failures="1" tests="2" name="Test(failed)" time="27.146" errors="0" timestamp="2022-08-19T15:11:53 IST">
  <testcase classname="com.fb.qa.testcases.HomePageTest" name="verifyFriendsLinkTest" time="7.323"/>
  <testcase classname="com.fb.qa.testcases.ProfilePageTest" name="verifyHomePageTitleTest" time="7.858">
    <failure type="java.lang.AssertionError" message="expected [Facebook] but found [Facebook - log in or sign up]">
      <![CDATA[java.lang.AssertionError: expected [Facebook] but found [Facebook - log in or sign up]
at com.fb.qa.testcases.ProfilePageTest.verifyHomePageTitleTest(ProfilePageTest.java:34)
at java.base/java.util.ArrayList.forEach(ArrayList.java:1511)
... Removed 33 stack frames]]>
    </failure>
  </testcase> <!-- verifyHomePageTitleTest -->
  <testcase classname="com.fb.qa.testcases.ProfilePageTest" name="verifyProfilePageTest" time="0.0">
    <ignored/>
  </testcase> <!-- verifyProfilePageTest -->
</testsuite> <!-- Test(failed) -->
