<?xml version="1.0" encoding="UTF-8"?>
<testng-results ignored="2" total="3" passed="1" failed="0" skipped="0">
  <reporter-output>
  </reporter-output>
  <suite started-at="2022-08-18T01:13:42 IST" name="Default suite" finished-at="2022-08-18T01:13:52 IST" duration-ms="10017">
    <groups>
    </groups>
    <test started-at="2022-08-18T01:13:42 IST" name="Default test" finished-at="2022-08-18T01:13:52 IST" duration-ms="10017">
      <class name="com.fb.qa.testcases.LoginPageTest">
        <test-method is-config="true" signature="setUp()[pri:0, instance:com.fb.qa.testcases.LoginPageTest@36328d33]" started-at="2022-08-18T01:13:42 IST" name="setUp" finished-at="2022-08-18T01:13:51 IST" duration-ms="9680" status="PASS">
          <reporter-output>
          </reporter-output>
        </test-method> <!-- setUp -->
        <test-method signature="loginTest()[pri:3, instance:com.fb.qa.testcases.LoginPageTest@36328d33]" started-at="2022-08-18T01:13:51 IST" name="loginTest" finished-at="2022-08-18T01:13:52 IST" duration-ms="217" status="PASS">
          <reporter-output>
          </reporter-output>
        </test-method> <!-- loginTest -->
      </class> <!-- com.fb.qa.testcases.LoginPageTest -->
    </test> <!-- Default test -->
  </suite> <!-- Default suite -->
</testng-results>
